{
  "RSpec": {
    "coverage": {
      "/Users/johnmaguire/Projects/outdoors/app/channels/application_cable/channel.rb": [
        0,
        0,
        0,
        0
      ],
      "/Users/johnmaguire/Projects/outdoors/app/channels/application_cable/connection.rb": [
        0,
        0,
        0,
        0
      ],
      "/Users/johnmaguire/Projects/outdoors/app/controllers/application_controller.rb": [
        0,
        0
      ],
      "/Users/johnmaguire/Projects/outdoors/app/jobs/application_job.rb": [
        0,
        0
      ],
      "/Users/johnmaguire/Projects/outdoors/app/mailers/application_mailer.rb": [
        0,
        0,
        0,
        0
      ],
      "/Users/johnmaguire/Projects/outdoors/app/models/application_record.rb": [
        0,
        0,
        0
      ],
      "/Users/johnmaguire/Projects/outdoors/app/models/result.rb": [
        0,
        0,
        null,
        0,
        0,
        0,
        0,
        null,
        0,
        0,
        0,
        0
      ],
      "/Users/johnmaguire/Projects/outdoors/app/services/service_object.rb": [
        0,
        0,
        0,
        0,
        0
      ]
    },
    "timestamp": 1517265476
  }
}
